<?xml version="1.0" encoding="utf-8"?><testsuites name="pytest tests"><testsuite name="pytest" errors="0" failures="0" skipped="0" tests="9" time="1.216" timestamp="2026-06-09T17:30:22.522053+00:00" hostname="agent-env-d4405094-33e1-49f8-a16a-4172add7cd36"><testcase classname="backend.tests.test_contact_api" name="test_root_reachable" time="0.383" /><testcase classname="backend.tests.test_contact_api" name="test_post_contact_valid_creates_and_persists" time="0.125" /><testcase classname="backend.tests.test_contact_api" name="test_get_contact_returns_most_recent_first" time="0.162" /><testcase classname="backend.tests.test_contact_api" name="test_post_contact_invalid_email_422" time="0.059" /><testcase classname="backend.tests.test_contact_api" name="test_post_contact_missing_or_empty_fields_422[payload0]" time="0.058" /><testcase classname="backend.tests.test_contact_api" name="test_post_contact_missing_or_empty_fields_422[payload1]" time="0.051" /><testcase classname="backend.tests.test_contact_api" name="test_post_contact_missing_or_empty_fields_422[payload2]" time="0.058" /><testcase classname="backend.tests.test_contact_api" name="test_post_contact_missing_or_empty_fields_422[payload3]" time="0.056" /><testcase classname="backend.tests.test_contact_api" name="test_post_contact_missing_or_empty_fields_422[payload4]" time="0.058" /></testsuite></testsuites>